<?xml version="1.0" encoding="UTF-8"?>
<!-- Generated by org.testng.reporters.JUnitXMLReporter -->
<testsuite hostname="MININT-UM25UFB" ignored="0" name="Dollar Days Test" tests="13" failures="0" timestamp="2020-10-01T08:46:06 EDT" time="4.161" errors="0">
  <testcase name="@BeforeMethod setUpBrowser" time="1.221" classname="com.dollardays.testcases.BaseTest">
    <failure type="java.lang.Exception" message="Driver Not Found">
      <![CDATA[java.lang.Exception: Driver Not Found
at com.dollardays.testcases.BaseTest.openBrowser(BaseTest.java:78)
at com.dollardays.testcases.BaseTest.setUpBrowser(BaseTest.java:100)
at java.util.ArrayList.forEach(ArrayList.java:1259)
... Removed 32 stack frames]]>
    </failure>
  </testcase> <!-- @BeforeMethod setUpBrowser -->
  <testcase name="@AfterMethod quit" time="-1.601556363909E9" classname="com.dollardays.testcases.BaseTest">
    <skipped/>
  </testcase> <!-- @AfterMethod quit -->
  <testcase name="@BeforeMethod setUpBrowser" time="-1.601556363959E9" classname="com.dollardays.testcases.BaseTest">
    <skipped/>
  </testcase> <!-- @BeforeMethod setUpBrowser -->
  <testcase name="@AfterMethod quit" time="-1.601556363969E9" classname="com.dollardays.testcases.BaseTest">
    <skipped/>
  </testcase> <!-- @AfterMethod quit -->
  <testcase name="@BeforeMethod setUpBrowser" time="-1.601556364035E9" classname="com.dollardays.testcases.BaseTest">
    <skipped/>
  </testcase> <!-- @BeforeMethod setUpBrowser -->
  <testcase name="@AfterMethod quit" time="-1.601556364041E9" classname="com.dollardays.testcases.BaseTest">
    <skipped/>
  </testcase> <!-- @AfterMethod quit -->
  <testcase name="@BeforeMethod setUpBrowser" time="1.152" classname="com.dollardays.testcases.BaseTest">
    <failure type="java.lang.Exception" message="Driver Not Found">
      <![CDATA[java.lang.Exception: Driver Not Found
at com.dollardays.testcases.BaseTest.openBrowser(BaseTest.java:78)
at com.dollardays.testcases.BaseTest.setUpBrowser(BaseTest.java:100)
at java.util.ArrayList.forEach(ArrayList.java:1259)
... Removed 32 stack frames]]>
    </failure>
  </testcase> <!-- @BeforeMethod setUpBrowser -->
  <testcase name="@AfterMethod quit" time="-1.601556365228E9" classname="com.dollardays.testcases.BaseTest">
    <skipped/>
  </testcase> <!-- @AfterMethod quit -->
  <testcase name="@BeforeMethod setUpBrowser" time="-1.60155636526E9" classname="com.dollardays.testcases.BaseTest">
    <skipped/>
  </testcase> <!-- @BeforeMethod setUpBrowser -->
  <testcase name="@AfterMethod quit" time="-1.601556365265E9" classname="com.dollardays.testcases.BaseTest">
    <skipped/>
  </testcase> <!-- @AfterMethod quit -->
  <testcase name="@BeforeMethod setUpBrowser" time="-1.601556365301E9" classname="com.dollardays.testcases.BaseTest">
    <skipped/>
  </testcase> <!-- @BeforeMethod setUpBrowser -->
  <testcase name="@AfterMethod quit" time="-1.601556365308E9" classname="com.dollardays.testcases.BaseTest">
    <skipped/>
  </testcase> <!-- @AfterMethod quit -->
  <testcase name="@BeforeMethod setUpBrowser" time="1.152" classname="com.dollardays.testcases.BaseTest">
    <failure type="java.lang.Exception" message="Driver Not Found">
      <![CDATA[java.lang.Exception: Driver Not Found
at com.dollardays.testcases.BaseTest.openBrowser(BaseTest.java:78)
at com.dollardays.testcases.BaseTest.setUpBrowser(BaseTest.java:100)
at java.util.ArrayList.forEach(ArrayList.java:1259)
... Removed 32 stack frames]]>
    </failure>
  </testcase> <!-- @BeforeMethod setUpBrowser -->
  <testcase name="@AfterMethod quit" time="-1.601556366487E9" classname="com.dollardays.testcases.BaseTest">
    <skipped/>
  </testcase> <!-- @AfterMethod quit -->
  <testcase name="@BeforeMethod setUpBrowser" time="-1.601556366516E9" classname="com.dollardays.testcases.BaseTest">
    <skipped/>
  </testcase> <!-- @BeforeMethod setUpBrowser -->
  <testcase name="@AfterMethod quit" time="-1.601556366524E9" classname="com.dollardays.testcases.BaseTest">
    <skipped/>
  </testcase> <!-- @AfterMethod quit -->
  <testcase name="@BeforeMethod setUpBrowser" time="-1.601556366556E9" classname="com.dollardays.testcases.BaseTest">
    <skipped/>
  </testcase> <!-- @BeforeMethod setUpBrowser -->
  <testcase name="@AfterMethod quit" time="-1.601556366564E9" classname="com.dollardays.testcases.BaseTest">
    <skipped/>
  </testcase> <!-- @AfterMethod quit -->
  <testcase name="@BeforeMethod setUpBrowser" time="-1.601556366597E9" classname="com.dollardays.testcases.BaseTest">
    <skipped/>
  </testcase> <!-- @BeforeMethod setUpBrowser -->
  <testcase name="@AfterMethod quit" time="-1.601556366602E9" classname="com.dollardays.testcases.BaseTest">
    <skipped/>
  </testcase> <!-- @AfterMethod quit -->
  <testcase name="@BeforeMethod setUpBrowser" time="-1.601556366625E9" classname="com.dollardays.testcases.BaseTest">
    <skipped/>
  </testcase> <!-- @BeforeMethod setUpBrowser -->
  <testcase name="@AfterMethod quit" time="-1.601556366631E9" classname="com.dollardays.testcases.BaseTest">
    <skipped/>
  </testcase> <!-- @AfterMethod quit -->
  <testcase name="@BeforeMethod setUpBrowser" time="-1.601556366669E9" classname="com.dollardays.testcases.BaseTest">
    <skipped/>
  </testcase> <!-- @BeforeMethod setUpBrowser -->
  <testcase name="@AfterMethod quit" time="-1.601556366673E9" classname="com.dollardays.testcases.BaseTest">
    <skipped/>
  </testcase> <!-- @AfterMethod quit -->
  <testcase name="@BeforeMethod setUpBrowser" time="-1.601556366705E9" classname="com.dollardays.testcases.BaseTest">
    <skipped/>
  </testcase> <!-- @BeforeMethod setUpBrowser -->
  <testcase name="@AfterMethod quit" time="-1.601556366726E9" classname="com.dollardays.testcases.BaseTest">
    <skipped/>
  </testcase> <!-- @AfterMethod quit -->
  <testcase name="TC1_submitARequestPage" time="0.0" classname="com.dollardays.testcases.SubmitARequestTestcase">
    <skipped/>
  </testcase> <!-- TC1_submitARequestPage -->
  <testcase name="TC2_findallLinks_submitRequestPage" time="0.0" classname="com.dollardays.testcases.SubmitARequestTestcase">
    <skipped/>
  </testcase> <!-- TC2_findallLinks_submitRequestPage -->
  <testcase name="TC3_helpmessage_submitRequestPage" time="0.0" classname="com.dollardays.testcases.SubmitARequestTestcase">
    <skipped/>
  </testcase> <!-- TC3_helpmessage_submitRequestPage -->
  <testcase name="TC_01_addToCart" time="0.0" classname="com.dollardays.testcases.FavoriteLinkTestcase">
    <skipped/>
  </testcase> <!-- TC_01_addToCart -->
  <testcase name="TC_02_SortBy_priceLowToHigh" time="0.0" classname="com.dollardays.testcases.FavoriteLinkTestcase">
    <skipped/>
  </testcase> <!-- TC_02_SortBy_priceLowToHigh -->
  <testcase name="TC_03_SortBy_priceHighToLow" time="0.0" classname="com.dollardays.testcases.FavoriteLinkTestcase">
    <skipped/>
  </testcase> <!-- TC_03_SortBy_priceHighToLow -->
  <testcase name="verifyMenuItemsTest" time="0.0" classname="com.dollardays.testcases.MenuTestcase">
    <skipped/>
  </testcase> <!-- verifyMenuItemsTest -->
  <testcase name="verifyBackToSchoolTest" time="0.0" classname="com.dollardays.testcases.MenuTestcase">
    <skipped/>
  </testcase> <!-- verifyBackToSchoolTest -->
  <testcase name="verifyMaskSanitizerPPETest" time="0.0" classname="com.dollardays.testcases.MenuTestcase">
    <skipped/>
  </testcase> <!-- verifyMaskSanitizerPPETest -->
  <testcase name="verifyForwardBackpacksTest" time="0.0" classname="com.dollardays.testcases.MenuTestcase">
    <skipped/>
  </testcase> <!-- verifyForwardBackpacksTest -->
  <testcase name="verifyBabyTest" time="0.0" classname="com.dollardays.testcases.MenuTestcase">
    <skipped/>
  </testcase> <!-- verifyBabyTest -->
  <testcase name="verifyfAQsTest" time="0.0" classname="com.dollardays.testcases.MenuTestcase">
    <skipped/>
  </testcase> <!-- verifyfAQsTest -->
  <testcase name="verifyElementsOnfAQsTest" time="0.0" classname="com.dollardays.testcases.MenuTestcase">
    <skipped/>
  </testcase> <!-- verifyElementsOnfAQsTest -->
</testsuite> <!-- Dollar Days Test -->
