<html>
<head>
<title>TestNG:  Dollar Days Test</title>
<link href="../testng.css" rel="stylesheet" type="text/css" />
<link href="../my-testng.css" rel="stylesheet" type="text/css" />

<style type="text/css">
.log { display: none;} 
.stack-trace { display: none;} 
</style>
<script type="text/javascript">
<!--
function flip(e) {
  current = e.style.display;
  if (current == 'block') {
    e.style.display = 'none';
    return 0;
  }
  else {
    e.style.display = 'block';
    return 1;
  }
}

function toggleBox(szDivId, elem, msg1, msg2)
{
  var res = -1;  if (document.getElementById) {
    res = flip(document.getElementById(szDivId));
  }
  else if (document.all) {
    // this is the way old msie versions work
    res = flip(document.all[szDivId]);
  }
  if(elem) {
    if(res == 0) elem.innerHTML = msg1; else elem.innerHTML = msg2;
  }

}

function toggleAllBoxes() {
  if (document.getElementsByTagName) {
    d = document.getElementsByTagName('div');
    for (i = 0; i < d.length; i++) {
      if (d[i].className == 'log') {
        flip(d[i]);
      }
    }
  }
}

// -->
</script>

</head>
<body>
<h2 align='center'>Dollar Days Test</h2><table border='1' align="center">
<tr>
<td>Tests passed/Failed/Skipped:</td><td>23/3/0</td>
</tr><tr>
<td>Started on:</td><td>Thu Oct 01 20:31:34 EDT 2020</td>
</tr>
<tr><td>Total time:</td><td>908 seconds (908601 ms)</td>
</tr><tr>
<td>Included groups:</td><td></td>
</tr><tr>
<td>Excluded groups:</td><td></td>
</tr>
</table><p/>
<small><i>(Hover the method name to see the test class name)</i></small><p/>
<table width='100%' border='1' class='invocation-failed'>
<tr><td colspan='4' align='center'><b>FAILED TESTS</b></td></tr>
<tr><td><b>Test method</b></td>
<td width="30%"><b>Exception</b></td>
<td width="10%"><b>Time (seconds)</b></td>
<td><b>Instance</b></td>
</tr>
<tr>
<td title='com.dollardays.testcases.Team9_ProductDescriptionPageTestCases.TC_DD_PDP_LeftNavigation_Cases()'><b>TC_DD_PDP_LeftNavigation_Cases</b><br>Test class: com.dollardays.testcases.Team9_ProductDescriptionPageTestCases<br>Parameters: {TestCase=Verify Next Image, Password=cGFzc3dvcmQxMjM=, Runmode=Yes, SheetName=Left Navigation, Action Type=Next Image, UserName=srikanthtesting100@gmail.com, TCID=TC5}</td>
<td><div><pre>org.openqa.selenium.ElementNotVisibleException: element not interactable
  (Session info: headless chrome=85.0.4183.121)
  (Driver info: chromedriver=84.0.4147.30 (48b3e868b4cc0aa7e8149519690b6f6949e110a8-refs/branch-heads/4147@{#310}),platform=Windows NT 10.0.19041 x86_64) (WARNING: The server did not provide any stacktrace information)
Command duration or timeout: 46 milliseconds
Build info: version: &apos;2.53.1&apos;, revision: &apos;a36b8b1cd5757287168e54b817830adce9b0158d&apos;, time: &apos;2016-06-30 19:26:09&apos;
System info: host: &apos;DESKTOP-GAL1NV7&apos;, ip: &apos;192.168.99.1&apos;, os.name: &apos;Windows 10&apos;, os.arch: &apos;amd64&apos;, os.version: &apos;10.0&apos;, java.version: &apos;1.8.0_221&apos;
Driver info: org.openqa.selenium.chrome.ChromeDriver
Capabilities [{mobileEmulationEnabled=false, timeouts={implicit=0, pageLoad=300000, script=30000}, hasTouchScreen=false, platform=XP, acceptSslCerts=false, goog:chromeOptions={debuggerAddress=localhost:64181}, acceptInsecureCerts=false, webStorageEnabled=true, browserName=chrome, takesScreenshot=true, javascriptEnabled=true, setWindowRect=true, unexpectedAlertBehaviour=ignore, applicationCacheEnabled=false, rotatable=false, networkConnectionEnabled=false, chrome={chromedriverVersion=84.0.4147.30 (48b3e868b4cc0aa7e8149519690b6f6949e110a8-refs/branch-heads/4147@{#310}), userDataDir=C:\Users\share\AppData\Local\Temp\scoped_dir18908_1328192562}, takesHeapSnapshot=true, pageLoadStrategy=normal, strictFileInteractability=false, databaseEnabled=false, handlesAlerts=true, version=85.0.4183.121, browserConnectionEnabled=false, proxy={}, nativeEvents=true, locationContextEnabled=true, cssSelectorsEnabled=true, webauthn:virtualAuthenticators=true}]
Session ID: 9c3e19889d401bd8a064356478327796
	at org.openqa.selenium.remote.ErrorHandler.createThrowable(ErrorHandler.java:206)
	at org.openqa.selenium.remote.ErrorHandler.throwIfResponseFailed(ErrorHandler.java:158)
	at org.openqa.selenium.remote.RemoteWebDriver.execute(RemoteWebDriver.java:678)
	at org.openqa.selenium.remote.RemoteWebElement.execute(RemoteWebElement.java:327)
	at org.openqa.selenium.remote.RemoteWebElement.click(RemoteWebElement.java:85)
	at org.openqa.selenium.support.pagefactory.internal.LocatingElementHandler.invoke(LocatingElementHandler.java:51)
	at com.sun.proxy.$Proxy9.click(Unknown Source)
	at com.dollardays.pages.Team9_ProductDescriptionPage.clickActionType(Team9_ProductDescriptionPage.java:373)
	at com.dollardays.testcases.Team9_ProductDescriptionPageTestCases.TC_DD_PDP_LeftNavigation_Cases(Team9_ProductDescriptionPageTestCases.java:105)
	at java.util.ArrayList.forEach(ArrayList.java:1257)
... Removed 34 stack frames</pre></div><a href='#' onClick='toggleBox("stack-trace901689694", this, "Click to show all stack frames", "Click to hide stack frames")'>Click to show all stack frames</a>
<div class='stack-trace' id='stack-trace901689694'><pre>org.openqa.selenium.ElementNotVisibleException: element not interactable
  (Session info: headless chrome=85.0.4183.121)
  (Driver info: chromedriver=84.0.4147.30 (48b3e868b4cc0aa7e8149519690b6f6949e110a8-refs/branch-heads/4147@{#310}),platform=Windows NT 10.0.19041 x86_64) (WARNING: The server did not provide any stacktrace information)
Command duration or timeout: 46 milliseconds
Build info: version: &apos;2.53.1&apos;, revision: &apos;a36b8b1cd5757287168e54b817830adce9b0158d&apos;, time: &apos;2016-06-30 19:26:09&apos;
System info: host: &apos;DESKTOP-GAL1NV7&apos;, ip: &apos;192.168.99.1&apos;, os.name: &apos;Windows 10&apos;, os.arch: &apos;amd64&apos;, os.version: &apos;10.0&apos;, java.version: &apos;1.8.0_221&apos;
Driver info: org.openqa.selenium.chrome.ChromeDriver
Capabilities [{mobileEmulationEnabled=false, timeouts={implicit=0, pageLoad=300000, script=30000}, hasTouchScreen=false, platform=XP, acceptSslCerts=false, goog:chromeOptions={debuggerAddress=localhost:64181}, acceptInsecureCerts=false, webStorageEnabled=true, browserName=chrome, takesScreenshot=true, javascriptEnabled=true, setWindowRect=true, unexpectedAlertBehaviour=ignore, applicationCacheEnabled=false, rotatable=false, networkConnectionEnabled=false, chrome={chromedriverVersion=84.0.4147.30 (48b3e868b4cc0aa7e8149519690b6f6949e110a8-refs/branch-heads/4147@{#310}), userDataDir=C:\Users\share\AppData\Local\Temp\scoped_dir18908_1328192562}, takesHeapSnapshot=true, pageLoadStrategy=normal, strictFileInteractability=false, databaseEnabled=false, handlesAlerts=true, version=85.0.4183.121, browserConnectionEnabled=false, proxy={}, nativeEvents=true, locationContextEnabled=true, cssSelectorsEnabled=true, webauthn:virtualAuthenticators=true}]
Session ID: 9c3e19889d401bd8a064356478327796
	at sun.reflect.NativeConstructorAccessorImpl.newInstance0(Native Method)
	at sun.reflect.NativeConstructorAccessorImpl.newInstance(NativeConstructorAccessorImpl.java:62)
	at sun.reflect.DelegatingConstructorAccessorImpl.newInstance(DelegatingConstructorAccessorImpl.java:45)
	at java.lang.reflect.Constructor.newInstance(Constructor.java:423)
	at org.openqa.selenium.remote.ErrorHandler.createThrowable(ErrorHandler.java:206)
	at org.openqa.selenium.remote.ErrorHandler.throwIfResponseFailed(ErrorHandler.java:158)
	at org.openqa.selenium.remote.RemoteWebDriver.execute(RemoteWebDriver.java:678)
	at org.openqa.selenium.remote.RemoteWebElement.execute(RemoteWebElement.java:327)
	at org.openqa.selenium.remote.RemoteWebElement.click(RemoteWebElement.java:85)
	at sun.reflect.GeneratedMethodAccessor3.invoke(Unknown Source)
	at sun.reflect.DelegatingMethodAccessorImpl.invoke(DelegatingMethodAccessorImpl.java:43)
	at java.lang.reflect.Method.invoke(Method.java:498)
	at org.openqa.selenium.support.pagefactory.internal.LocatingElementHandler.invoke(LocatingElementHandler.java:51)
	at com.sun.proxy.$Proxy9.click(Unknown Source)
	at com.dollardays.pages.Team9_ProductDescriptionPage.clickActionType(Team9_ProductDescriptionPage.java:373)
	at com.dollardays.testcases.Team9_ProductDescriptionPageTestCases.TC_DD_PDP_LeftNavigation_Cases(Team9_ProductDescriptionPageTestCases.java:105)
	at sun.reflect.NativeMethodAccessorImpl.invoke0(Native Method)
	at sun.reflect.NativeMethodAccessorImpl.invoke(NativeMethodAccessorImpl.java:62)
	at sun.reflect.DelegatingMethodAccessorImpl.invoke(DelegatingMethodAccessorImpl.java:43)
	at java.lang.reflect.Method.invoke(Method.java:498)
	at org.testng.internal.MethodInvocationHelper.invokeMethod(MethodInvocationHelper.java:132)
	at org.testng.internal.TestInvoker.invokeMethod(TestInvoker.java:599)
	at org.testng.internal.TestInvoker.invokeTestMethod(TestInvoker.java:174)
	at org.testng.internal.MethodRunner.runInSequence(MethodRunner.java:46)
	at org.testng.internal.TestInvoker$MethodInvocationAgent.invoke(TestInvoker.java:822)
	at org.testng.internal.TestInvoker.invokeTestMethods(TestInvoker.java:147)
	at org.testng.internal.TestMethodWorker.invokeTestMethods(TestMethodWorker.java:146)
	at org.testng.internal.TestMethodWorker.run(TestMethodWorker.java:128)
	at java.util.ArrayList.forEach(ArrayList.java:1257)
	at org.testng.TestRunner.privateRun(TestRunner.java:764)
	at org.testng.TestRunner.run(TestRunner.java:585)
	at org.testng.SuiteRunner.runTest(SuiteRunner.java:384)
	at org.testng.SuiteRunner.runSequentially(SuiteRunner.java:378)
	at org.testng.SuiteRunner.privateRun(SuiteRunner.java:337)
	at org.testng.SuiteRunner.run(SuiteRunner.java:286)
	at org.testng.SuiteRunnerWorker.runSuite(SuiteRunnerWorker.java:53)
	at org.testng.SuiteRunnerWorker.run(SuiteRunnerWorker.java:96)
	at org.testng.TestNG.runSuitesSequentially(TestNG.java:1218)
	at org.testng.TestNG.runSuitesLocally(TestNG.java:1140)
	at org.testng.TestNG.runSuites(TestNG.java:1069)
	at org.testng.TestNG.run(TestNG.java:1037)
	at org.testng.remote.AbstractRemoteTestNG.run(AbstractRemoteTestNG.java:115)
	at org.testng.remote.RemoteTestNG.initAndRun(RemoteTestNG.java:251)
	at org.testng.remote.RemoteTestNG.main(RemoteTestNG.java:77)
</pre></div></td>
<td>20</td>
<td>com.dollardays.testcases.Team9_ProductDescriptionPageTestCases@11e21d0e</td></tr>
<tr>
<td title='com.dollardays.testcases.Team9_ProductDescriptionPageTestCases.TC_DD_PDP_LeftNavigation_Cases()'><b>TC_DD_PDP_LeftNavigation_Cases</b><br>Test class: com.dollardays.testcases.Team9_ProductDescriptionPageTestCases<br>Parameters: {TestCase=Verify Previous Image, Password=cGFzc3dvcmQxMjM=, Runmode=Yes, SheetName=Left Navigation, Action Type=Previous Image, UserName=srikanthtesting100@gmail.com, TCID=TC6}</td>
<td><div><pre>org.openqa.selenium.ElementNotVisibleException: element not interactable
  (Session info: headless chrome=85.0.4183.121)
  (Driver info: chromedriver=84.0.4147.30 (48b3e868b4cc0aa7e8149519690b6f6949e110a8-refs/branch-heads/4147@{#310}),platform=Windows NT 10.0.19041 x86_64) (WARNING: The server did not provide any stacktrace information)
Command duration or timeout: 44 milliseconds
Build info: version: &apos;2.53.1&apos;, revision: &apos;a36b8b1cd5757287168e54b817830adce9b0158d&apos;, time: &apos;2016-06-30 19:26:09&apos;
System info: host: &apos;DESKTOP-GAL1NV7&apos;, ip: &apos;192.168.99.1&apos;, os.name: &apos;Windows 10&apos;, os.arch: &apos;amd64&apos;, os.version: &apos;10.0&apos;, java.version: &apos;1.8.0_221&apos;
Driver info: org.openqa.selenium.chrome.ChromeDriver
Capabilities [{mobileEmulationEnabled=false, timeouts={implicit=0, pageLoad=300000, script=30000}, hasTouchScreen=false, platform=XP, acceptSslCerts=false, goog:chromeOptions={debuggerAddress=localhost:64284}, acceptInsecureCerts=false, webStorageEnabled=true, browserName=chrome, takesScreenshot=true, javascriptEnabled=true, setWindowRect=true, unexpectedAlertBehaviour=ignore, applicationCacheEnabled=false, rotatable=false, networkConnectionEnabled=false, chrome={chromedriverVersion=84.0.4147.30 (48b3e868b4cc0aa7e8149519690b6f6949e110a8-refs/branch-heads/4147@{#310}), userDataDir=C:\Users\share\AppData\Local\Temp\scoped_dir4452_1512725155}, takesHeapSnapshot=true, pageLoadStrategy=normal, strictFileInteractability=false, databaseEnabled=false, handlesAlerts=true, version=85.0.4183.121, browserConnectionEnabled=false, proxy={}, nativeEvents=true, locationContextEnabled=true, cssSelectorsEnabled=true, webauthn:virtualAuthenticators=true}]
Session ID: 2f664141d08f4bcbd8b686b841063267
	at org.openqa.selenium.remote.ErrorHandler.createThrowable(ErrorHandler.java:206)
	at org.openqa.selenium.remote.ErrorHandler.throwIfResponseFailed(ErrorHandler.java:158)
	at org.openqa.selenium.remote.RemoteWebDriver.execute(RemoteWebDriver.java:678)
	at org.openqa.selenium.remote.RemoteWebElement.execute(RemoteWebElement.java:327)
	at org.openqa.selenium.remote.RemoteWebElement.click(RemoteWebElement.java:85)
	at org.openqa.selenium.support.pagefactory.internal.LocatingElementHandler.invoke(LocatingElementHandler.java:51)
	at com.sun.proxy.$Proxy9.click(Unknown Source)
	at com.dollardays.pages.Team9_ProductDescriptionPage.clickActionType(Team9_ProductDescriptionPage.java:381)
	at com.dollardays.testcases.Team9_ProductDescriptionPageTestCases.TC_DD_PDP_LeftNavigation_Cases(Team9_ProductDescriptionPageTestCases.java:105)
	at java.util.ArrayList.forEach(ArrayList.java:1257)
... Removed 34 stack frames</pre></div><a href='#' onClick='toggleBox("stack-trace388802347", this, "Click to show all stack frames", "Click to hide stack frames")'>Click to show all stack frames</a>
<div class='stack-trace' id='stack-trace388802347'><pre>org.openqa.selenium.ElementNotVisibleException: element not interactable
  (Session info: headless chrome=85.0.4183.121)
  (Driver info: chromedriver=84.0.4147.30 (48b3e868b4cc0aa7e8149519690b6f6949e110a8-refs/branch-heads/4147@{#310}),platform=Windows NT 10.0.19041 x86_64) (WARNING: The server did not provide any stacktrace information)
Command duration or timeout: 44 milliseconds
Build info: version: &apos;2.53.1&apos;, revision: &apos;a36b8b1cd5757287168e54b817830adce9b0158d&apos;, time: &apos;2016-06-30 19:26:09&apos;
System info: host: &apos;DESKTOP-GAL1NV7&apos;, ip: &apos;192.168.99.1&apos;, os.name: &apos;Windows 10&apos;, os.arch: &apos;amd64&apos;, os.version: &apos;10.0&apos;, java.version: &apos;1.8.0_221&apos;
Driver info: org.openqa.selenium.chrome.ChromeDriver
Capabilities [{mobileEmulationEnabled=false, timeouts={implicit=0, pageLoad=300000, script=30000}, hasTouchScreen=false, platform=XP, acceptSslCerts=false, goog:chromeOptions={debuggerAddress=localhost:64284}, acceptInsecureCerts=false, webStorageEnabled=true, browserName=chrome, takesScreenshot=true, javascriptEnabled=true, setWindowRect=true, unexpectedAlertBehaviour=ignore, applicationCacheEnabled=false, rotatable=false, networkConnectionEnabled=false, chrome={chromedriverVersion=84.0.4147.30 (48b3e868b4cc0aa7e8149519690b6f6949e110a8-refs/branch-heads/4147@{#310}), userDataDir=C:\Users\share\AppData\Local\Temp\scoped_dir4452_1512725155}, takesHeapSnapshot=true, pageLoadStrategy=normal, strictFileInteractability=false, databaseEnabled=false, handlesAlerts=true, version=85.0.4183.121, browserConnectionEnabled=false, proxy={}, nativeEvents=true, locationContextEnabled=true, cssSelectorsEnabled=true, webauthn:virtualAuthenticators=true}]
Session ID: 2f664141d08f4bcbd8b686b841063267
	at sun.reflect.NativeConstructorAccessorImpl.newInstance0(Native Method)
	at sun.reflect.NativeConstructorAccessorImpl.newInstance(NativeConstructorAccessorImpl.java:62)
	at sun.reflect.DelegatingConstructorAccessorImpl.newInstance(DelegatingConstructorAccessorImpl.java:45)
	at java.lang.reflect.Constructor.newInstance(Constructor.java:423)
	at org.openqa.selenium.remote.ErrorHandler.createThrowable(ErrorHandler.java:206)
	at org.openqa.selenium.remote.ErrorHandler.throwIfResponseFailed(ErrorHandler.java:158)
	at org.openqa.selenium.remote.RemoteWebDriver.execute(RemoteWebDriver.java:678)
	at org.openqa.selenium.remote.RemoteWebElement.execute(RemoteWebElement.java:327)
	at org.openqa.selenium.remote.RemoteWebElement.click(RemoteWebElement.java:85)
	at sun.reflect.GeneratedMethodAccessor3.invoke(Unknown Source)
	at sun.reflect.DelegatingMethodAccessorImpl.invoke(DelegatingMethodAccessorImpl.java:43)
	at java.lang.reflect.Method.invoke(Method.java:498)
	at org.openqa.selenium.support.pagefactory.internal.LocatingElementHandler.invoke(LocatingElementHandler.java:51)
	at com.sun.proxy.$Proxy9.click(Unknown Source)
	at com.dollardays.pages.Team9_ProductDescriptionPage.clickActionType(Team9_ProductDescriptionPage.java:381)
	at com.dollardays.testcases.Team9_ProductDescriptionPageTestCases.TC_DD_PDP_LeftNavigation_Cases(Team9_ProductDescriptionPageTestCases.java:105)
	at sun.reflect.NativeMethodAccessorImpl.invoke0(Native Method)
	at sun.reflect.NativeMethodAccessorImpl.invoke(NativeMethodAccessorImpl.java:62)
	at sun.reflect.DelegatingMethodAccessorImpl.invoke(DelegatingMethodAccessorImpl.java:43)
	at java.lang.reflect.Method.invoke(Method.java:498)
	at org.testng.internal.MethodInvocationHelper.invokeMethod(MethodInvocationHelper.java:132)
	at org.testng.internal.TestInvoker.invokeMethod(TestInvoker.java:599)
	at org.testng.internal.TestInvoker.invokeTestMethod(TestInvoker.java:174)
	at org.testng.internal.MethodRunner.runInSequence(MethodRunner.java:46)
	at org.testng.internal.TestInvoker$MethodInvocationAgent.invoke(TestInvoker.java:822)
	at org.testng.internal.TestInvoker.invokeTestMethods(TestInvoker.java:147)
	at org.testng.internal.TestMethodWorker.invokeTestMethods(TestMethodWorker.java:146)
	at org.testng.internal.TestMethodWorker.run(TestMethodWorker.java:128)
	at java.util.ArrayList.forEach(ArrayList.java:1257)
	at org.testng.TestRunner.privateRun(TestRunner.java:764)
	at org.testng.TestRunner.run(TestRunner.java:585)
	at org.testng.SuiteRunner.runTest(SuiteRunner.java:384)
	at org.testng.SuiteRunner.runSequentially(SuiteRunner.java:378)
	at org.testng.SuiteRunner.privateRun(SuiteRunner.java:337)
	at org.testng.SuiteRunner.run(SuiteRunner.java:286)
	at org.testng.SuiteRunnerWorker.runSuite(SuiteRunnerWorker.java:53)
	at org.testng.SuiteRunnerWorker.run(SuiteRunnerWorker.java:96)
	at org.testng.TestNG.runSuitesSequentially(TestNG.java:1218)
	at org.testng.TestNG.runSuitesLocally(TestNG.java:1140)
	at org.testng.TestNG.runSuites(TestNG.java:1069)
	at org.testng.TestNG.run(TestNG.java:1037)
	at org.testng.remote.AbstractRemoteTestNG.run(AbstractRemoteTestNG.java:115)
	at org.testng.remote.RemoteTestNG.initAndRun(RemoteTestNG.java:251)
	at org.testng.remote.RemoteTestNG.main(RemoteTestNG.java:77)
</pre></div></td>
<td>19</td>
<td>com.dollardays.testcases.Team9_ProductDescriptionPageTestCases@11e21d0e</td></tr>
<tr>
<td title='com.dollardays.testcases.Team9_ProductDescriptionPageTestCases.TC_DD_PDP_Quantity_Cases()'><b>TC_DD_PDP_Quantity_Cases</b><br>Test class: com.dollardays.testcases.Team9_ProductDescriptionPageTestCases<br>Parameters: {Close Popup?=Invalid, TestCase=Valid Qty,  Unlimited checkbox unchecked, TCID=TC2, SheetName=Popup, Runmode=Yes, UserName=srikanthtesting100@gmail.com, Password=cGFzc3dvcmQxMjM=, Unlimited Check?=No, Qty=10.0}</td>
<td><div><pre>org.openqa.selenium.ElementNotVisibleException: element not interactable
  (Session info: headless chrome=85.0.4183.121)
  (Driver info: chromedriver=84.0.4147.30 (48b3e868b4cc0aa7e8149519690b6f6949e110a8-refs/branch-heads/4147@{#310}),platform=Windows NT 10.0.19041 x86_64) (WARNING: The server did not provide any stacktrace information)
Command duration or timeout: 35 milliseconds
Build info: version: &apos;2.53.1&apos;, revision: &apos;a36b8b1cd5757287168e54b817830adce9b0158d&apos;, time: &apos;2016-06-30 19:26:09&apos;
System info: host: &apos;DESKTOP-GAL1NV7&apos;, ip: &apos;192.168.99.1&apos;, os.name: &apos;Windows 10&apos;, os.arch: &apos;amd64&apos;, os.version: &apos;10.0&apos;, java.version: &apos;1.8.0_221&apos;
Driver info: org.openqa.selenium.chrome.ChromeDriver
Capabilities [{mobileEmulationEnabled=false, timeouts={implicit=0, pageLoad=300000, script=30000}, hasTouchScreen=false, platform=XP, acceptSslCerts=false, goog:chromeOptions={debuggerAddress=localhost:49188}, acceptInsecureCerts=false, webStorageEnabled=true, browserName=chrome, takesScreenshot=true, javascriptEnabled=true, setWindowRect=true, unexpectedAlertBehaviour=ignore, applicationCacheEnabled=false, rotatable=false, networkConnectionEnabled=false, chrome={chromedriverVersion=84.0.4147.30 (48b3e868b4cc0aa7e8149519690b6f6949e110a8-refs/branch-heads/4147@{#310}), userDataDir=C:\Users\share\AppData\Local\Temp\scoped_dir19228_1765816123}, takesHeapSnapshot=true, pageLoadStrategy=normal, strictFileInteractability=false, databaseEnabled=false, handlesAlerts=true, version=85.0.4183.121, browserConnectionEnabled=false, proxy={}, nativeEvents=true, locationContextEnabled=true, cssSelectorsEnabled=true, webauthn:virtualAuthenticators=true}]
Session ID: 3bad6144178d2e5176c256fe243318b0
	at org.openqa.selenium.remote.ErrorHandler.createThrowable(ErrorHandler.java:206)
	at org.openqa.selenium.remote.ErrorHandler.throwIfResponseFailed(ErrorHandler.java:158)
	at org.openqa.selenium.remote.RemoteWebDriver.execute(RemoteWebDriver.java:678)
	at org.openqa.selenium.remote.RemoteWebElement.execute(RemoteWebElement.java:327)
	at org.openqa.selenium.remote.RemoteWebElement.click(RemoteWebElement.java:85)
	at org.openqa.selenium.support.pagefactory.internal.LocatingElementHandler.invoke(LocatingElementHandler.java:51)
	at com.sun.proxy.$Proxy9.click(Unknown Source)
	at com.dollardays.pages.Team9_ProductDescriptionPage.viewAndClearCart(Team9_ProductDescriptionPage.java:90)
	at com.dollardays.pages.Team9_ProductDescriptionPage.verifyAddToMyCart(Team9_ProductDescriptionPage.java:218)
	at com.dollardays.testcases.Team9_ProductDescriptionPageTestCases.TC_DD_PDP_Quantity_Cases(Team9_ProductDescriptionPageTestCases.java:166)
	at java.util.ArrayList.forEach(ArrayList.java:1257)
... Removed 34 stack frames</pre></div><a href='#' onClick='toggleBox("stack-trace1334405552", this, "Click to show all stack frames", "Click to hide stack frames")'>Click to show all stack frames</a>
<div class='stack-trace' id='stack-trace1334405552'><pre>org.openqa.selenium.ElementNotVisibleException: element not interactable
  (Session info: headless chrome=85.0.4183.121)
  (Driver info: chromedriver=84.0.4147.30 (48b3e868b4cc0aa7e8149519690b6f6949e110a8-refs/branch-heads/4147@{#310}),platform=Windows NT 10.0.19041 x86_64) (WARNING: The server did not provide any stacktrace information)
Command duration or timeout: 35 milliseconds
Build info: version: &apos;2.53.1&apos;, revision: &apos;a36b8b1cd5757287168e54b817830adce9b0158d&apos;, time: &apos;2016-06-30 19:26:09&apos;
System info: host: &apos;DESKTOP-GAL1NV7&apos;, ip: &apos;192.168.99.1&apos;, os.name: &apos;Windows 10&apos;, os.arch: &apos;amd64&apos;, os.version: &apos;10.0&apos;, java.version: &apos;1.8.0_221&apos;
Driver info: org.openqa.selenium.chrome.ChromeDriver
Capabilities [{mobileEmulationEnabled=false, timeouts={implicit=0, pageLoad=300000, script=30000}, hasTouchScreen=false, platform=XP, acceptSslCerts=false, goog:chromeOptions={debuggerAddress=localhost:49188}, acceptInsecureCerts=false, webStorageEnabled=true, browserName=chrome, takesScreenshot=true, javascriptEnabled=true, setWindowRect=true, unexpectedAlertBehaviour=ignore, applicationCacheEnabled=false, rotatable=false, networkConnectionEnabled=false, chrome={chromedriverVersion=84.0.4147.30 (48b3e868b4cc0aa7e8149519690b6f6949e110a8-refs/branch-heads/4147@{#310}), userDataDir=C:\Users\share\AppData\Local\Temp\scoped_dir19228_1765816123}, takesHeapSnapshot=true, pageLoadStrategy=normal, strictFileInteractability=false, databaseEnabled=false, handlesAlerts=true, version=85.0.4183.121, browserConnectionEnabled=false, proxy={}, nativeEvents=true, locationContextEnabled=true, cssSelectorsEnabled=true, webauthn:virtualAuthenticators=true}]
Session ID: 3bad6144178d2e5176c256fe243318b0
	at sun.reflect.NativeConstructorAccessorImpl.newInstance0(Native Method)
	at sun.reflect.NativeConstructorAccessorImpl.newInstance(NativeConstructorAccessorImpl.java:62)
	at sun.reflect.DelegatingConstructorAccessorImpl.newInstance(DelegatingConstructorAccessorImpl.java:45)
	at java.lang.reflect.Constructor.newInstance(Constructor.java:423)
	at org.openqa.selenium.remote.ErrorHandler.createThrowable(ErrorHandler.java:206)
	at org.openqa.selenium.remote.ErrorHandler.throwIfResponseFailed(ErrorHandler.java:158)
	at org.openqa.selenium.remote.RemoteWebDriver.execute(RemoteWebDriver.java:678)
	at org.openqa.selenium.remote.RemoteWebElement.execute(RemoteWebElement.java:327)
	at org.openqa.selenium.remote.RemoteWebElement.click(RemoteWebElement.java:85)
	at sun.reflect.GeneratedMethodAccessor3.invoke(Unknown Source)
	at sun.reflect.DelegatingMethodAccessorImpl.invoke(DelegatingMethodAccessorImpl.java:43)
	at java.lang.reflect.Method.invoke(Method.java:498)
	at org.openqa.selenium.support.pagefactory.internal.LocatingElementHandler.invoke(LocatingElementHandler.java:51)
	at com.sun.proxy.$Proxy9.click(Unknown Source)
	at com.dollardays.pages.Team9_ProductDescriptionPage.viewAndClearCart(Team9_ProductDescriptionPage.java:90)
	at com.dollardays.pages.Team9_ProductDescriptionPage.verifyAddToMyCart(Team9_ProductDescriptionPage.java:218)
	at com.dollardays.testcases.Team9_ProductDescriptionPageTestCases.TC_DD_PDP_Quantity_Cases(Team9_ProductDescriptionPageTestCases.java:166)
	at sun.reflect.NativeMethodAccessorImpl.invoke0(Native Method)
	at sun.reflect.NativeMethodAccessorImpl.invoke(NativeMethodAccessorImpl.java:62)
	at sun.reflect.DelegatingMethodAccessorImpl.invoke(DelegatingMethodAccessorImpl.java:43)
	at java.lang.reflect.Method.invoke(Method.java:498)
	at org.testng.internal.MethodInvocationHelper.invokeMethod(MethodInvocationHelper.java:132)
	at org.testng.internal.TestInvoker.invokeMethod(TestInvoker.java:599)
	at org.testng.internal.TestInvoker.invokeTestMethod(TestInvoker.java:174)
	at org.testng.internal.MethodRunner.runInSequence(MethodRunner.java:46)
	at org.testng.internal.TestInvoker$MethodInvocationAgent.invoke(TestInvoker.java:822)
	at org.testng.internal.TestInvoker.invokeTestMethods(TestInvoker.java:147)
	at org.testng.internal.TestMethodWorker.invokeTestMethods(TestMethodWorker.java:146)
	at org.testng.internal.TestMethodWorker.run(TestMethodWorker.java:128)
	at java.util.ArrayList.forEach(ArrayList.java:1257)
	at org.testng.TestRunner.privateRun(TestRunner.java:764)
	at org.testng.TestRunner.run(TestRunner.java:585)
	at org.testng.SuiteRunner.runTest(SuiteRunner.java:384)
	at org.testng.SuiteRunner.runSequentially(SuiteRunner.java:378)
	at org.testng.SuiteRunner.privateRun(SuiteRunner.java:337)
	at org.testng.SuiteRunner.run(SuiteRunner.java:286)
	at org.testng.SuiteRunnerWorker.runSuite(SuiteRunnerWorker.java:53)
	at org.testng.SuiteRunnerWorker.run(SuiteRunnerWorker.java:96)
	at org.testng.TestNG.runSuitesSequentially(TestNG.java:1218)
	at org.testng.TestNG.runSuitesLocally(TestNG.java:1140)
	at org.testng.TestNG.runSuites(TestNG.java:1069)
	at org.testng.TestNG.run(TestNG.java:1037)
	at org.testng.remote.AbstractRemoteTestNG.run(AbstractRemoteTestNG.java:115)
	at org.testng.remote.RemoteTestNG.initAndRun(RemoteTestNG.java:251)
	at org.testng.remote.RemoteTestNG.main(RemoteTestNG.java:77)
</pre></div></td>
<td>22</td>
<td>com.dollardays.testcases.Team9_ProductDescriptionPageTestCases@11e21d0e</td></tr>
</table><p>
<table width='100%' border='1' class='invocation-passed'>
<tr><td colspan='4' align='center'><b>PASSED TESTS</b></td></tr>
<tr><td><b>Test method</b></td>
<td width="30%"><b>Exception</b></td>
<td width="10%"><b>Time (seconds)</b></td>
<td><b>Instance</b></td>
</tr>
<tr>
<td title='com.dollardays.testcases.Team9_ProductDescriptionPageTestCases.TC_DD_PDP_Entry_Cases()'><b>TC_DD_PDP_Entry_Cases</b><br>Test class: com.dollardays.testcases.Team9_ProductDescriptionPageTestCases<br>Parameters: {TestCase=Verifying with Alpha characters, xpathClass=, TCID=TC1, SheetName=Entry, Runmode=Yes, UserName=srikanthtesting100@gmail.com, xpath=, Product=, Password=cGFzc3dvcmQxMjM=, xpathId=, Qty=ABCDE}</td>
<td></td>
<td>19</td>
<td>com.dollardays.testcases.Team9_ProductDescriptionPageTestCases@11e21d0e</td></tr>
<tr>
<td title='com.dollardays.testcases.Team9_ProductDescriptionPageTestCases.TC_DD_PDP_Entry_Cases()'><b>TC_DD_PDP_Entry_Cases</b><br>Test class: com.dollardays.testcases.Team9_ProductDescriptionPageTestCases<br>Parameters: {TestCase=Verifying with Special Characters, xpathClass=, TCID=TC2, SheetName=Entry, Runmode=Yes, UserName=srikanthtesting100@gmail.com, xpath=, Product=, Password=cGFzc3dvcmQxMjM=, xpathId=, Qty=!@#$}</td>
<td></td>
<td>19</td>
<td>com.dollardays.testcases.Team9_ProductDescriptionPageTestCases@11e21d0e</td></tr>
<tr>
<td title='com.dollardays.testcases.Team9_ProductDescriptionPageTestCases.TC_DD_PDP_LeftNavigation_Cases()'><b>TC_DD_PDP_LeftNavigation_Cases</b><br>Test class: com.dollardays.testcases.Team9_ProductDescriptionPageTestCases<br>Parameters: {TestCase=Verify Scrolling up, Password=cGFzc3dvcmQxMjM=, Runmode=Yes, SheetName=Left Navigation, Action Type=Scroll Up, UserName=srikanthtesting100@gmail.com, TCID=TC1}</td>
<td></td>
<td>16</td>
<td>com.dollardays.testcases.Team9_ProductDescriptionPageTestCases@11e21d0e</td></tr>
<tr>
<td title='com.dollardays.testcases.Team9_ProductDescriptionPageTestCases.TC_DD_PDP_LeftNavigation_Cases()'><b>TC_DD_PDP_LeftNavigation_Cases</b><br>Test class: com.dollardays.testcases.Team9_ProductDescriptionPageTestCases<br>Parameters: {TestCase=Verify Scrolling Down, Password=cGFzc3dvcmQxMjM=, Runmode=Yes, SheetName=Left Navigation, Action Type=Scroll Down, UserName=srikanthtesting100@gmail.com, TCID=TC2}</td>
<td></td>
<td>14</td>
<td>com.dollardays.testcases.Team9_ProductDescriptionPageTestCases@11e21d0e</td></tr>
<tr>
<td title='com.dollardays.testcases.Team9_ProductDescriptionPageTestCases.TC_DD_PDP_LeftNavigation_Cases()'><b>TC_DD_PDP_LeftNavigation_Cases</b><br>Test class: com.dollardays.testcases.Team9_ProductDescriptionPageTestCases<br>Parameters: {TestCase=Verify Zooming In, Password=cGFzc3dvcmQxMjM=, Runmode=Yes, SheetName=Left Navigation, Action Type=Zoom in, UserName=srikanthtesting100@gmail.com, TCID=TC3}</td>
<td></td>
<td>20</td>
<td>com.dollardays.testcases.Team9_ProductDescriptionPageTestCases@11e21d0e</td></tr>
<tr>
<td title='com.dollardays.testcases.Team9_ProductDescriptionPageTestCases.TC_DD_PDP_LeftNavigation_Cases()'><b>TC_DD_PDP_LeftNavigation_Cases</b><br>Test class: com.dollardays.testcases.Team9_ProductDescriptionPageTestCases<br>Parameters: {TestCase=Verify Zooming Out, Password=cGFzc3dvcmQxMjM=, Runmode=Yes, SheetName=Left Navigation, Action Type=Zoom out, UserName=srikanthtesting100@gmail.com, TCID=TC4}</td>
<td></td>
<td>23</td>
<td>com.dollardays.testcases.Team9_ProductDescriptionPageTestCases@11e21d0e</td></tr>
<tr>
<td title='com.dollardays.testcases.Team9_ProductDescriptionPageTestCases.TC_DD_PDP_LeftNavigation_Cases()'><b>TC_DD_PDP_LeftNavigation_Cases</b><br>Test class: com.dollardays.testcases.Team9_ProductDescriptionPageTestCases<br>Parameters: {TestCase=Verify 360 degrees, Password=cGFzc3dvcmQxMjM=, Runmode=Yes, SheetName=Left Navigation, Action Type=360 degrees, UserName=srikanthtesting100@gmail.com, TCID=TC7}</td>
<td></td>
<td>19</td>
<td>com.dollardays.testcases.Team9_ProductDescriptionPageTestCases@11e21d0e</td></tr>
<tr>
<td title='com.dollardays.testcases.Team9_ProductDescriptionPageTestCases.TC_DD_PDP_ProductDetails_Cases()'><b>TC_DD_PDP_ProductDetails_Cases</b><br>Test class: com.dollardays.testcases.Team9_ProductDescriptionPageTestCases<br>Parameters: {TestCase=Verify Image is displayed., Password=cGFzc3dvcmQxMjM=, Runmode=Yes, SheetName=Product Details, Verify Value=Image, UserName=srikanthtesting100@gmail.com, TCID=TC1}</td>
<td></td>
<td>17</td>
<td>com.dollardays.testcases.Team9_ProductDescriptionPageTestCases@11e21d0e</td></tr>
<tr>
<td title='com.dollardays.testcases.Team9_ProductDescriptionPageTestCases.TC_DD_PDP_ProductDetails_Cases()'><b>TC_DD_PDP_ProductDetails_Cases</b><br>Test class: com.dollardays.testcases.Team9_ProductDescriptionPageTestCases<br>Parameters: {TestCase=Verify Price is displayed., Password=cGFzc3dvcmQxMjM=, Runmode=Yes, SheetName=Product Details, Verify Value=Price, UserName=srikanthtesting100@gmail.com, TCID=TC2}</td>
<td></td>
<td>17</td>
<td>com.dollardays.testcases.Team9_ProductDescriptionPageTestCases@11e21d0e</td></tr>
<tr>
<td title='com.dollardays.testcases.Team9_ProductDescriptionPageTestCases.TC_DD_PDP_ProductDetails_Cases()'><b>TC_DD_PDP_ProductDetails_Cases</b><br>Test class: com.dollardays.testcases.Team9_ProductDescriptionPageTestCases<br>Parameters: {TestCase=Verify Product specifications are displayed., Password=cGFzc3dvcmQxMjM=, Runmode=Yes, SheetName=Product Details, Verify Value=Product Specifications, UserName=srikanthtesting100@gmail.com, TCID=TC3}</td>
<td></td>
<td>17</td>
<td>com.dollardays.testcases.Team9_ProductDescriptionPageTestCases@11e21d0e</td></tr>
<tr>
<td title='com.dollardays.testcases.Team9_ProductDescriptionPageTestCases.TC_DD_PDP_ProductDetails_Cases()'><b>TC_DD_PDP_ProductDetails_Cases</b><br>Test class: com.dollardays.testcases.Team9_ProductDescriptionPageTestCases<br>Parameters: {TestCase=Verify Product seller ratings are displayed., Password=cGFzc3dvcmQxMjM=, Runmode=Yes, SheetName=Product Details, Verify Value=Ratings, UserName=srikanthtesting100@gmail.com, TCID=TC4}</td>
<td></td>
<td>18</td>
<td>com.dollardays.testcases.Team9_ProductDescriptionPageTestCases@11e21d0e</td></tr>
<tr>
<td title='com.dollardays.testcases.Team9_ProductDescriptionPageTestCases.TC_DD_PDP_ProductDetails_Cases()'><b>TC_DD_PDP_ProductDetails_Cases</b><br>Test class: com.dollardays.testcases.Team9_ProductDescriptionPageTestCases<br>Parameters: {TestCase=Verify all variations of product are displayed., Password=cGFzc3dvcmQxMjM=, Runmode=Yes, SheetName=Product Details, Verify Value=Variations, UserName=srikanthtesting100@gmail.com, TCID=TC5}</td>
<td></td>
<td>20</td>
<td>com.dollardays.testcases.Team9_ProductDescriptionPageTestCases@11e21d0e</td></tr>
<tr>
<td title='com.dollardays.testcases.Team9_ProductDescriptionPageTestCases.TC_DD_PDP_ProductDetails_Cases()'><b>TC_DD_PDP_ProductDetails_Cases</b><br>Test class: com.dollardays.testcases.Team9_ProductDescriptionPageTestCases<br>Parameters: {TestCase=Verify Add to Cart is displayed., Password=cGFzc3dvcmQxMjM=, Runmode=Yes, SheetName=Product Details, Verify Value=Add to Cart, UserName=srikanthtesting100@gmail.com, TCID=TC6}</td>
<td></td>
<td>17</td>
<td>com.dollardays.testcases.Team9_ProductDescriptionPageTestCases@11e21d0e</td></tr>
<tr>
<td title='com.dollardays.testcases.Team9_ProductDescriptionPageTestCases.TC_DD_PDP_ProductDetails_Cases()'><b>TC_DD_PDP_ProductDetails_Cases</b><br>Test class: com.dollardays.testcases.Team9_ProductDescriptionPageTestCases<br>Parameters: {TestCase=Verify Product description is displayed., Password=cGFzc3dvcmQxMjM=, Runmode=Yes, SheetName=Product Details, Verify Value=Product Description, UserName=srikanthtesting100@gmail.com, TCID=TC7}</td>
<td></td>
<td>19</td>
<td>com.dollardays.testcases.Team9_ProductDescriptionPageTestCases@11e21d0e</td></tr>
<tr>
<td title='com.dollardays.testcases.Team9_ProductDescriptionPageTestCases.TC_DD_PDP_ProductDetails_Cases()'><b>TC_DD_PDP_ProductDetails_Cases</b><br>Test class: com.dollardays.testcases.Team9_ProductDescriptionPageTestCases<br>Parameters: {TestCase=Verify "Have a question?" Field is displayed., Password=cGFzc3dvcmQxMjM=, Runmode=Yes, SheetName=Product Details, Verify Value=Have a question, UserName=srikanthtesting100@gmail.com, TCID=TC8}</td>
<td></td>
<td>16</td>
<td>com.dollardays.testcases.Team9_ProductDescriptionPageTestCases@11e21d0e</td></tr>
<tr>
<td title='com.dollardays.testcases.Team9_ProductDescriptionPageTestCases.TC_DD_PDP_ProductDetails_Cases()'><b>TC_DD_PDP_ProductDetails_Cases</b><br>Test class: com.dollardays.testcases.Team9_ProductDescriptionPageTestCases<br>Parameters: {TestCase=Verify Write review button is displayed., Password=cGFzc3dvcmQxMjM=, Runmode=Yes, SheetName=Product Details, Verify Value=Write Review, UserName=srikanthtesting100@gmail.com, TCID=TC9}</td>
<td></td>
<td>17</td>
<td>com.dollardays.testcases.Team9_ProductDescriptionPageTestCases@11e21d0e</td></tr>
<tr>
<td title='com.dollardays.testcases.Team9_ProductDescriptionPageTestCases.TC_DD_PDP_Quantity_Cases()'><b>TC_DD_PDP_Quantity_Cases</b><br>Test class: com.dollardays.testcases.Team9_ProductDescriptionPageTestCases<br>Parameters: {Close Popup?=CloseBtn, TestCase=Zero Qty,  Unlimited checkbox unchecked, Close popup by pressing Close button, TCID=TC1, SheetName=Popup, Runmode=Yes, UserName=srikanthtesting100@gmail.com, Password=cGFzc3dvcmQxMjM=, Unlimited Check?=No, Qty=0.0}</td>
<td></td>
<td>26</td>
<td>com.dollardays.testcases.Team9_ProductDescriptionPageTestCases@11e21d0e</td></tr>
<tr>
<td title='com.dollardays.testcases.Team9_ProductDescriptionPageTestCases.TC_DD_PDP_Quantity_Cases()'><b>TC_DD_PDP_Quantity_Cases</b><br>Test class: com.dollardays.testcases.Team9_ProductDescriptionPageTestCases<br>Parameters: {Close Popup?=CloseBtn, TestCase=Invalid Qty,  Unlimited checkbox unchecked, Close popup by pressing Close button, TCID=TC3, SheetName=Popup, Runmode=Yes, UserName=srikanthtesting100@gmail.com, Password=cGFzc3dvcmQxMjM=, Unlimited Check?=No, Qty=100000.0}</td>
<td></td>
<td>28</td>
<td>com.dollardays.testcases.Team9_ProductDescriptionPageTestCases@11e21d0e</td></tr>
<tr>
<td title='com.dollardays.testcases.Team9_ProductDescriptionPageTestCases.TC_DD_PDP_Quantity_Cases()'><b>TC_DD_PDP_Quantity_Cases</b><br>Test class: com.dollardays.testcases.Team9_ProductDescriptionPageTestCases<br>Parameters: {Close Popup?=Invalid, TestCase=Zero Qty,  Unlimited checkbox checked, TCID=TC4, SheetName=Popup, Runmode=Yes, UserName=srikanthtesting100@gmail.com, Password=cGFzc3dvcmQxMjM=, Unlimited Check?=Yes, Qty=0.0}</td>
<td></td>
<td>33</td>
<td>com.dollardays.testcases.Team9_ProductDescriptionPageTestCases@11e21d0e</td></tr>
<tr>
<td title='com.dollardays.testcases.Team9_ProductDescriptionPageTestCases.TC_DD_PDP_Quantity_Cases()'><b>TC_DD_PDP_Quantity_Cases</b><br>Test class: com.dollardays.testcases.Team9_ProductDescriptionPageTestCases<br>Parameters: {Close Popup?=Invalid, TestCase=Valid Qty,  Unlimited checkbox checked, TCID=TC5, SheetName=Popup, Runmode=Yes, UserName=srikanthtesting100@gmail.com, Password=cGFzc3dvcmQxMjM=, Unlimited Check?=Yes, Qty=10.0}</td>
<td></td>
<td>23</td>
<td>com.dollardays.testcases.Team9_ProductDescriptionPageTestCases@11e21d0e</td></tr>
<tr>
<td title='com.dollardays.testcases.Team9_ProductDescriptionPageTestCases.TC_DD_PDP_Quantity_Cases()'><b>TC_DD_PDP_Quantity_Cases</b><br>Test class: com.dollardays.testcases.Team9_ProductDescriptionPageTestCases<br>Parameters: {Close Popup?=Invalid, TestCase=Invalid Qty,  Unlimited checkbox checked, TCID=TC6, SheetName=Popup, Runmode=Yes, UserName=srikanthtesting100@gmail.com, Password=cGFzc3dvcmQxMjM=, Unlimited Check?=Yes, Qty=100000.0}</td>
<td></td>
<td>23</td>
<td>com.dollardays.testcases.Team9_ProductDescriptionPageTestCases@11e21d0e</td></tr>
<tr>
<td title='com.dollardays.testcases.Team9_ProductDescriptionPageTestCases.TC_DD_PDP_Quantity_Cases()'><b>TC_DD_PDP_Quantity_Cases</b><br>Test class: com.dollardays.testcases.Team9_ProductDescriptionPageTestCases<br>Parameters: {Close Popup?=Outside, TestCase=Zero Qty,  Unlimited checkbox unchecked, Close popup by pressing outside the popup, TCID=TC7, SheetName=Popup, Runmode=Yes, UserName=srikanthtesting100@gmail.com, Password=cGFzc3dvcmQxMjM=, Unlimited Check?=No, Qty=0.0}</td>
<td></td>
<td>26</td>
<td>com.dollardays.testcases.Team9_ProductDescriptionPageTestCases@11e21d0e</td></tr>
<tr>
<td title='com.dollardays.testcases.Team9_ProductDescriptionPageTestCases.TC_DD_PDP_Quantity_Cases()'><b>TC_DD_PDP_Quantity_Cases</b><br>Test class: com.dollardays.testcases.Team9_ProductDescriptionPageTestCases<br>Parameters: {Close Popup?=Outside, TestCase=Invalid Qty,  Unlimited checkbox unchecked, Close popup by pressing outside the popup, TCID=TC8, SheetName=Popup, Runmode=Yes, UserName=srikanthtesting100@gmail.com, Password=cGFzc3dvcmQxMjM=, Unlimited Check?=No, Qty=100000.0}</td>
<td></td>
<td>25</td>
<td>com.dollardays.testcases.Team9_ProductDescriptionPageTestCases@11e21d0e</td></tr>
</table><p>
</body>
</html>