<?xml version="1.0" encoding="UTF-8"?>
<!-- Generated by org.testng.reporters.JUnitXMLReporter -->
<testsuite hostname="DESKTOP-GAL1NV7" ignored="0" name="Dollar Days Test" tests="26" failures="3" timestamp="2020-10-01T20:46:43 EDT" time="908.601" errors="0">
  <testcase name="TC_DD_PDP_Entry_Cases" time="19.933" classname="com.dollardays.testcases.Team9_ProductDescriptionPageTestCases"/>
  <testcase name="TC_DD_PDP_Entry_Cases" time="19.682" classname="com.dollardays.testcases.Team9_ProductDescriptionPageTestCases"/>
  <testcase name="TC_DD_PDP_LeftNavigation_Cases" time="16.012" classname="com.dollardays.testcases.Team9_ProductDescriptionPageTestCases"/>
  <testcase name="TC_DD_PDP_LeftNavigation_Cases" time="14.189" classname="com.dollardays.testcases.Team9_ProductDescriptionPageTestCases"/>
  <testcase name="TC_DD_PDP_LeftNavigation_Cases" time="20.505" classname="com.dollardays.testcases.Team9_ProductDescriptionPageTestCases"/>
  <testcase name="TC_DD_PDP_LeftNavigation_Cases" time="23.548" classname="com.dollardays.testcases.Team9_ProductDescriptionPageTestCases"/>
  <testcase name="TC_DD_PDP_LeftNavigation_Cases" time="20.24" classname="com.dollardays.testcases.Team9_ProductDescriptionPageTestCases">
    <failure type="org.openqa.selenium.ElementNotVisibleException" message="element not interactable
  (Session info: headless chrome=85.0.4183.121)
  (Driver info: chromedriver=84.0.4147.30 (48b3e868b4cc0aa7e8149519690b6f6949e110a8-refs/branch-heads/4147@{#310}),platform=Windows NT 10.0.19041 x86_64) (WARNING: The server did not provide any stacktrace information)
Command duration or timeout: 46 milliseconds
Build info: version: &amp;apos;2.53.1&amp;apos;, revision: &amp;apos;a36b8b1cd5757287168e54b817830adce9b0158d&amp;apos;, time: &amp;apos;2016-06-30 19:26:09&amp;apos;
System info: host: &amp;apos;DESKTOP-GAL1NV7&amp;apos;, ip: &amp;apos;192.168.99.1&amp;apos;, os.name: &amp;apos;Windows 10&amp;apos;, os.arch: &amp;apos;amd64&amp;apos;, os.version: &amp;apos;10.0&amp;apos;, java.version: &amp;apos;1.8.0_221&amp;apos;
Driver info: org.openqa.selenium.chrome.ChromeDriver
Capabilities [{mobileEmulationEnabled=false, timeouts={implicit=0, pageLoad=300000, script=30000}, hasTouchScreen=false, platform=XP, acceptSslCerts=false, goog:chromeOptions={debuggerAddress=localhost:64181}, acceptInsecureCerts=false, webStorageEnabled=true, browserName=chrome, takesScreenshot=true, javascriptEnabled=true, setWindowRect=true, unexpectedAlertBehaviour=ignore, applicationCacheEnabled=false, rotatable=false, networkConnectionEnabled=false, chrome={chromedriverVersion=84.0.4147.30 (48b3e868b4cc0aa7e8149519690b6f6949e110a8-refs/branch-heads/4147@{#310}), userDataDir=C:\Users\share\AppData\Local\Temp\scoped_dir18908_1328192562}, takesHeapSnapshot=true, pageLoadStrategy=normal, strictFileInteractability=false, databaseEnabled=false, handlesAlerts=true, version=85.0.4183.121, browserConnectionEnabled=false, proxy={}, nativeEvents=true, locationContextEnabled=true, cssSelectorsEnabled=true, webauthn:virtualAuthenticators=true}]
Session ID: 9c3e19889d401bd8a064356478327796">
      <![CDATA[org.openqa.selenium.ElementNotVisibleException: element not interactable
  (Session info: headless chrome=85.0.4183.121)
  (Driver info: chromedriver=84.0.4147.30 (48b3e868b4cc0aa7e8149519690b6f6949e110a8-refs/branch-heads/4147@{#310}),platform=Windows NT 10.0.19041 x86_64) (WARNING: The server did not provide any stacktrace information)
Command duration or timeout: 46 milliseconds
Build info: version: '2.53.1', revision: 'a36b8b1cd5757287168e54b817830adce9b0158d', time: '2016-06-30 19:26:09'
System info: host: 'DESKTOP-GAL1NV7', ip: '192.168.99.1', os.name: 'Windows 10', os.arch: 'amd64', os.version: '10.0', java.version: '1.8.0_221'
Driver info: org.openqa.selenium.chrome.ChromeDriver
Capabilities [{mobileEmulationEnabled=false, timeouts={implicit=0, pageLoad=300000, script=30000}, hasTouchScreen=false, platform=XP, acceptSslCerts=false, goog:chromeOptions={debuggerAddress=localhost:64181}, acceptInsecureCerts=false, webStorageEnabled=true, browserName=chrome, takesScreenshot=true, javascriptEnabled=true, setWindowRect=true, unexpectedAlertBehaviour=ignore, applicationCacheEnabled=false, rotatable=false, networkConnectionEnabled=false, chrome={chromedriverVersion=84.0.4147.30 (48b3e868b4cc0aa7e8149519690b6f6949e110a8-refs/branch-heads/4147@{#310}), userDataDir=C:\Users\share\AppData\Local\Temp\scoped_dir18908_1328192562}, takesHeapSnapshot=true, pageLoadStrategy=normal, strictFileInteractability=false, databaseEnabled=false, handlesAlerts=true, version=85.0.4183.121, browserConnectionEnabled=false, proxy={}, nativeEvents=true, locationContextEnabled=true, cssSelectorsEnabled=true, webauthn:virtualAuthenticators=true}]
Session ID: 9c3e19889d401bd8a064356478327796
at org.openqa.selenium.remote.ErrorHandler.createThrowable(ErrorHandler.java:206)
at org.openqa.selenium.remote.ErrorHandler.throwIfResponseFailed(ErrorHandler.java:158)
at org.openqa.selenium.remote.RemoteWebDriver.execute(RemoteWebDriver.java:678)
at org.openqa.selenium.remote.RemoteWebElement.execute(RemoteWebElement.java:327)
at org.openqa.selenium.remote.RemoteWebElement.click(RemoteWebElement.java:85)
at org.openqa.selenium.support.pagefactory.internal.LocatingElementHandler.invoke(LocatingElementHandler.java:51)
at com.sun.proxy.$Proxy9.click(Unknown Source)
at com.dollardays.pages.Team9_ProductDescriptionPage.clickActionType(Team9_ProductDescriptionPage.java:373)
at com.dollardays.testcases.Team9_ProductDescriptionPageTestCases.TC_DD_PDP_LeftNavigation_Cases(Team9_ProductDescriptionPageTestCases.java:105)
at java.util.ArrayList.forEach(ArrayList.java:1257)
... Removed 34 stack frames]]>
    </failure>
  </testcase> <!-- TC_DD_PDP_LeftNavigation_Cases -->
  <testcase name="TC_DD_PDP_LeftNavigation_Cases" time="19.762" classname="com.dollardays.testcases.Team9_ProductDescriptionPageTestCases">
    <failure type="org.openqa.selenium.ElementNotVisibleException" message="element not interactable
  (Session info: headless chrome=85.0.4183.121)
  (Driver info: chromedriver=84.0.4147.30 (48b3e868b4cc0aa7e8149519690b6f6949e110a8-refs/branch-heads/4147@{#310}),platform=Windows NT 10.0.19041 x86_64) (WARNING: The server did not provide any stacktrace information)
Command duration or timeout: 44 milliseconds
Build info: version: &amp;apos;2.53.1&amp;apos;, revision: &amp;apos;a36b8b1cd5757287168e54b817830adce9b0158d&amp;apos;, time: &amp;apos;2016-06-30 19:26:09&amp;apos;
System info: host: &amp;apos;DESKTOP-GAL1NV7&amp;apos;, ip: &amp;apos;192.168.99.1&amp;apos;, os.name: &amp;apos;Windows 10&amp;apos;, os.arch: &amp;apos;amd64&amp;apos;, os.version: &amp;apos;10.0&amp;apos;, java.version: &amp;apos;1.8.0_221&amp;apos;
Driver info: org.openqa.selenium.chrome.ChromeDriver
Capabilities [{mobileEmulationEnabled=false, timeouts={implicit=0, pageLoad=300000, script=30000}, hasTouchScreen=false, platform=XP, acceptSslCerts=false, goog:chromeOptions={debuggerAddress=localhost:64284}, acceptInsecureCerts=false, webStorageEnabled=true, browserName=chrome, takesScreenshot=true, javascriptEnabled=true, setWindowRect=true, unexpectedAlertBehaviour=ignore, applicationCacheEnabled=false, rotatable=false, networkConnectionEnabled=false, chrome={chromedriverVersion=84.0.4147.30 (48b3e868b4cc0aa7e8149519690b6f6949e110a8-refs/branch-heads/4147@{#310}), userDataDir=C:\Users\share\AppData\Local\Temp\scoped_dir4452_1512725155}, takesHeapSnapshot=true, pageLoadStrategy=normal, strictFileInteractability=false, databaseEnabled=false, handlesAlerts=true, version=85.0.4183.121, browserConnectionEnabled=false, proxy={}, nativeEvents=true, locationContextEnabled=true, cssSelectorsEnabled=true, webauthn:virtualAuthenticators=true}]
Session ID: 2f664141d08f4bcbd8b686b841063267">
      <![CDATA[org.openqa.selenium.ElementNotVisibleException: element not interactable
  (Session info: headless chrome=85.0.4183.121)
  (Driver info: chromedriver=84.0.4147.30 (48b3e868b4cc0aa7e8149519690b6f6949e110a8-refs/branch-heads/4147@{#310}),platform=Windows NT 10.0.19041 x86_64) (WARNING: The server did not provide any stacktrace information)
Command duration or timeout: 44 milliseconds
Build info: version: '2.53.1', revision: 'a36b8b1cd5757287168e54b817830adce9b0158d', time: '2016-06-30 19:26:09'
System info: host: 'DESKTOP-GAL1NV7', ip: '192.168.99.1', os.name: 'Windows 10', os.arch: 'amd64', os.version: '10.0', java.version: '1.8.0_221'
Driver info: org.openqa.selenium.chrome.ChromeDriver
Capabilities [{mobileEmulationEnabled=false, timeouts={implicit=0, pageLoad=300000, script=30000}, hasTouchScreen=false, platform=XP, acceptSslCerts=false, goog:chromeOptions={debuggerAddress=localhost:64284}, acceptInsecureCerts=false, webStorageEnabled=true, browserName=chrome, takesScreenshot=true, javascriptEnabled=true, setWindowRect=true, unexpectedAlertBehaviour=ignore, applicationCacheEnabled=false, rotatable=false, networkConnectionEnabled=false, chrome={chromedriverVersion=84.0.4147.30 (48b3e868b4cc0aa7e8149519690b6f6949e110a8-refs/branch-heads/4147@{#310}), userDataDir=C:\Users\share\AppData\Local\Temp\scoped_dir4452_1512725155}, takesHeapSnapshot=true, pageLoadStrategy=normal, strictFileInteractability=false, databaseEnabled=false, handlesAlerts=true, version=85.0.4183.121, browserConnectionEnabled=false, proxy={}, nativeEvents=true, locationContextEnabled=true, cssSelectorsEnabled=true, webauthn:virtualAuthenticators=true}]
Session ID: 2f664141d08f4bcbd8b686b841063267
at org.openqa.selenium.remote.ErrorHandler.createThrowable(ErrorHandler.java:206)
at org.openqa.selenium.remote.ErrorHandler.throwIfResponseFailed(ErrorHandler.java:158)
at org.openqa.selenium.remote.RemoteWebDriver.execute(RemoteWebDriver.java:678)
at org.openqa.selenium.remote.RemoteWebElement.execute(RemoteWebElement.java:327)
at org.openqa.selenium.remote.RemoteWebElement.click(RemoteWebElement.java:85)
at org.openqa.selenium.support.pagefactory.internal.LocatingElementHandler.invoke(LocatingElementHandler.java:51)
at com.sun.proxy.$Proxy9.click(Unknown Source)
at com.dollardays.pages.Team9_ProductDescriptionPage.clickActionType(Team9_ProductDescriptionPage.java:381)
at com.dollardays.testcases.Team9_ProductDescriptionPageTestCases.TC_DD_PDP_LeftNavigation_Cases(Team9_ProductDescriptionPageTestCases.java:105)
at java.util.ArrayList.forEach(ArrayList.java:1257)
... Removed 34 stack frames]]>
    </failure>
  </testcase> <!-- TC_DD_PDP_LeftNavigation_Cases -->
  <testcase name="TC_DD_PDP_LeftNavigation_Cases" time="19.028" classname="com.dollardays.testcases.Team9_ProductDescriptionPageTestCases"/>
  <testcase name="TC_DD_PDP_ProductDetails_Cases" time="17.394" classname="com.dollardays.testcases.Team9_ProductDescriptionPageTestCases"/>
  <testcase name="TC_DD_PDP_ProductDetails_Cases" time="17.11" classname="com.dollardays.testcases.Team9_ProductDescriptionPageTestCases"/>
  <testcase name="TC_DD_PDP_ProductDetails_Cases" time="17.095" classname="com.dollardays.testcases.Team9_ProductDescriptionPageTestCases"/>
  <testcase name="TC_DD_PDP_ProductDetails_Cases" time="18.242" classname="com.dollardays.testcases.Team9_ProductDescriptionPageTestCases"/>
  <testcase name="TC_DD_PDP_ProductDetails_Cases" time="20.135" classname="com.dollardays.testcases.Team9_ProductDescriptionPageTestCases"/>
  <testcase name="TC_DD_PDP_ProductDetails_Cases" time="17.265" classname="com.dollardays.testcases.Team9_ProductDescriptionPageTestCases"/>
  <testcase name="TC_DD_PDP_ProductDetails_Cases" time="19.35" classname="com.dollardays.testcases.Team9_ProductDescriptionPageTestCases"/>
  <testcase name="TC_DD_PDP_ProductDetails_Cases" time="16.548" classname="com.dollardays.testcases.Team9_ProductDescriptionPageTestCases"/>
  <testcase name="TC_DD_PDP_ProductDetails_Cases" time="17.192" classname="com.dollardays.testcases.Team9_ProductDescriptionPageTestCases"/>
  <testcase name="TC_DD_PDP_Quantity_Cases" time="26.657" classname="com.dollardays.testcases.Team9_ProductDescriptionPageTestCases"/>
  <testcase name="TC_DD_PDP_Quantity_Cases" time="22.854" classname="com.dollardays.testcases.Team9_ProductDescriptionPageTestCases">
    <failure type="org.openqa.selenium.ElementNotVisibleException" message="element not interactable
  (Session info: headless chrome=85.0.4183.121)
  (Driver info: chromedriver=84.0.4147.30 (48b3e868b4cc0aa7e8149519690b6f6949e110a8-refs/branch-heads/4147@{#310}),platform=Windows NT 10.0.19041 x86_64) (WARNING: The server did not provide any stacktrace information)
Command duration or timeout: 35 milliseconds
Build info: version: &amp;apos;2.53.1&amp;apos;, revision: &amp;apos;a36b8b1cd5757287168e54b817830adce9b0158d&amp;apos;, time: &amp;apos;2016-06-30 19:26:09&amp;apos;
System info: host: &amp;apos;DESKTOP-GAL1NV7&amp;apos;, ip: &amp;apos;192.168.99.1&amp;apos;, os.name: &amp;apos;Windows 10&amp;apos;, os.arch: &amp;apos;amd64&amp;apos;, os.version: &amp;apos;10.0&amp;apos;, java.version: &amp;apos;1.8.0_221&amp;apos;
Driver info: org.openqa.selenium.chrome.ChromeDriver
Capabilities [{mobileEmulationEnabled=false, timeouts={implicit=0, pageLoad=300000, script=30000}, hasTouchScreen=false, platform=XP, acceptSslCerts=false, goog:chromeOptions={debuggerAddress=localhost:49188}, acceptInsecureCerts=false, webStorageEnabled=true, browserName=chrome, takesScreenshot=true, javascriptEnabled=true, setWindowRect=true, unexpectedAlertBehaviour=ignore, applicationCacheEnabled=false, rotatable=false, networkConnectionEnabled=false, chrome={chromedriverVersion=84.0.4147.30 (48b3e868b4cc0aa7e8149519690b6f6949e110a8-refs/branch-heads/4147@{#310}), userDataDir=C:\Users\share\AppData\Local\Temp\scoped_dir19228_1765816123}, takesHeapSnapshot=true, pageLoadStrategy=normal, strictFileInteractability=false, databaseEnabled=false, handlesAlerts=true, version=85.0.4183.121, browserConnectionEnabled=false, proxy={}, nativeEvents=true, locationContextEnabled=true, cssSelectorsEnabled=true, webauthn:virtualAuthenticators=true}]
Session ID: 3bad6144178d2e5176c256fe243318b0">
      <![CDATA[org.openqa.selenium.ElementNotVisibleException: element not interactable
  (Session info: headless chrome=85.0.4183.121)
  (Driver info: chromedriver=84.0.4147.30 (48b3e868b4cc0aa7e8149519690b6f6949e110a8-refs/branch-heads/4147@{#310}),platform=Windows NT 10.0.19041 x86_64) (WARNING: The server did not provide any stacktrace information)
Command duration or timeout: 35 milliseconds
Build info: version: '2.53.1', revision: 'a36b8b1cd5757287168e54b817830adce9b0158d', time: '2016-06-30 19:26:09'
System info: host: 'DESKTOP-GAL1NV7', ip: '192.168.99.1', os.name: 'Windows 10', os.arch: 'amd64', os.version: '10.0', java.version: '1.8.0_221'
Driver info: org.openqa.selenium.chrome.ChromeDriver
Capabilities [{mobileEmulationEnabled=false, timeouts={implicit=0, pageLoad=300000, script=30000}, hasTouchScreen=false, platform=XP, acceptSslCerts=false, goog:chromeOptions={debuggerAddress=localhost:49188}, acceptInsecureCerts=false, webStorageEnabled=true, browserName=chrome, takesScreenshot=true, javascriptEnabled=true, setWindowRect=true, unexpectedAlertBehaviour=ignore, applicationCacheEnabled=false, rotatable=false, networkConnectionEnabled=false, chrome={chromedriverVersion=84.0.4147.30 (48b3e868b4cc0aa7e8149519690b6f6949e110a8-refs/branch-heads/4147@{#310}), userDataDir=C:\Users\share\AppData\Local\Temp\scoped_dir19228_1765816123}, takesHeapSnapshot=true, pageLoadStrategy=normal, strictFileInteractability=false, databaseEnabled=false, handlesAlerts=true, version=85.0.4183.121, browserConnectionEnabled=false, proxy={}, nativeEvents=true, locationContextEnabled=true, cssSelectorsEnabled=true, webauthn:virtualAuthenticators=true}]
Session ID: 3bad6144178d2e5176c256fe243318b0
at org.openqa.selenium.remote.ErrorHandler.createThrowable(ErrorHandler.java:206)
at org.openqa.selenium.remote.ErrorHandler.throwIfResponseFailed(ErrorHandler.java:158)
at org.openqa.selenium.remote.RemoteWebDriver.execute(RemoteWebDriver.java:678)
at org.openqa.selenium.remote.RemoteWebElement.execute(RemoteWebElement.java:327)
at org.openqa.selenium.remote.RemoteWebElement.click(RemoteWebElement.java:85)
at org.openqa.selenium.support.pagefactory.internal.LocatingElementHandler.invoke(LocatingElementHandler.java:51)
at com.sun.proxy.$Proxy9.click(Unknown Source)
at com.dollardays.pages.Team9_ProductDescriptionPage.viewAndClearCart(Team9_ProductDescriptionPage.java:90)
at com.dollardays.pages.Team9_ProductDescriptionPage.verifyAddToMyCart(Team9_ProductDescriptionPage.java:218)
at com.dollardays.testcases.Team9_ProductDescriptionPageTestCases.TC_DD_PDP_Quantity_Cases(Team9_ProductDescriptionPageTestCases.java:166)
at java.util.ArrayList.forEach(ArrayList.java:1257)
... Removed 34 stack frames]]>
    </failure>
  </testcase> <!-- TC_DD_PDP_Quantity_Cases -->
  <testcase name="TC_DD_PDP_Quantity_Cases" time="28.496" classname="com.dollardays.testcases.Team9_ProductDescriptionPageTestCases"/>
  <testcase name="TC_DD_PDP_Quantity_Cases" time="33.605" classname="com.dollardays.testcases.Team9_ProductDescriptionPageTestCases"/>
  <testcase name="TC_DD_PDP_Quantity_Cases" time="23.055" classname="com.dollardays.testcases.Team9_ProductDescriptionPageTestCases"/>
  <testcase name="TC_DD_PDP_Quantity_Cases" time="23.638" classname="com.dollardays.testcases.Team9_ProductDescriptionPageTestCases"/>
  <testcase name="TC_DD_PDP_Quantity_Cases" time="26.872" classname="com.dollardays.testcases.Team9_ProductDescriptionPageTestCases"/>
  <testcase name="TC_DD_PDP_Quantity_Cases" time="25.964" classname="com.dollardays.testcases.Team9_ProductDescriptionPageTestCases"/>
</testsuite> <!-- Dollar Days Test -->
