<?xml version="1.0" encoding="UTF-8"?>
<!-- Generated by org.testng.reporters.JUnitXMLReporter -->
<testsuite hostname="MININT-UM25UFB" ignored="0" name="Dollar Days Test" tests="14" failures="0" timestamp="2020-10-01T08:46:02 EDT" time="6.124" errors="0">
  <testcase name="@BeforeMethod setUpBrowser" time="2.318" classname="com.dollardays.testcases.BaseTest">
    <failure type="java.lang.Exception" message="Driver Not Found">
      <![CDATA[java.lang.Exception: Driver Not Found
at com.dollardays.testcases.BaseTest.openBrowser(BaseTest.java:78)
at com.dollardays.testcases.BaseTest.setUpBrowser(BaseTest.java:100)
at java.util.ArrayList.forEach(ArrayList.java:1259)
... Removed 32 stack frames]]>
    </failure>
  </testcase> <!-- @BeforeMethod setUpBrowser -->
  <testcase name="@AfterMethod quit" time="-1.601556359148E9" classname="com.dollardays.testcases.BaseTest">
    <skipped/>
  </testcase> <!-- @AfterMethod quit -->
  <testcase name="@BeforeMethod setUpBrowser" time="-1.601556359204E9" classname="com.dollardays.testcases.BaseTest">
    <skipped/>
  </testcase> <!-- @BeforeMethod setUpBrowser -->
  <testcase name="@AfterMethod quit" time="-1.601556359222E9" classname="com.dollardays.testcases.BaseTest">
    <skipped/>
  </testcase> <!-- @AfterMethod quit -->
  <testcase name="@BeforeMethod setUpBrowser" time="-1.601556359264E9" classname="com.dollardays.testcases.BaseTest">
    <skipped/>
  </testcase> <!-- @BeforeMethod setUpBrowser -->
  <testcase name="@AfterMethod quit" time="-1.601556359269E9" classname="com.dollardays.testcases.BaseTest">
    <skipped/>
  </testcase> <!-- @AfterMethod quit -->
  <testcase name="@BeforeMethod setUpBrowser" time="-1.601556359317E9" classname="com.dollardays.testcases.BaseTest">
    <skipped/>
  </testcase> <!-- @BeforeMethod setUpBrowser -->
  <testcase name="@AfterMethod quit" time="-1.601556359323E9" classname="com.dollardays.testcases.BaseTest">
    <skipped/>
  </testcase> <!-- @AfterMethod quit -->
  <testcase name="@BeforeMethod setUpBrowser" time="-1.601556359366E9" classname="com.dollardays.testcases.BaseTest">
    <skipped/>
  </testcase> <!-- @BeforeMethod setUpBrowser -->
  <testcase name="@AfterMethod quit" time="-1.601556359379E9" classname="com.dollardays.testcases.BaseTest">
    <skipped/>
  </testcase> <!-- @AfterMethod quit -->
  <testcase name="@BeforeMethod setUpBrowser" time="-1.601556359442E9" classname="com.dollardays.testcases.BaseTest">
    <skipped/>
  </testcase> <!-- @BeforeMethod setUpBrowser -->
  <testcase name="@AfterMethod quit" time="-1.60155635945E9" classname="com.dollardays.testcases.BaseTest">
    <skipped/>
  </testcase> <!-- @AfterMethod quit -->
  <testcase name="@BeforeMethod setUpBrowser" time="1.143" classname="com.dollardays.testcases.BaseTest">
    <failure type="java.lang.Exception" message="Driver Not Found">
      <![CDATA[java.lang.Exception: Driver Not Found
at com.dollardays.testcases.BaseTest.openBrowser(BaseTest.java:78)
at com.dollardays.testcases.BaseTest.setUpBrowser(BaseTest.java:100)
at java.util.ArrayList.forEach(ArrayList.java:1259)
... Removed 32 stack frames]]>
    </failure>
  </testcase> <!-- @BeforeMethod setUpBrowser -->
  <testcase name="@AfterMethod quit" time="-1.601556360672E9" classname="com.dollardays.testcases.BaseTest">
    <skipped/>
  </testcase> <!-- @AfterMethod quit -->
  <testcase name="@BeforeMethod setUpBrowser" time="1.198" classname="com.dollardays.testcases.BaseTest">
    <failure type="java.lang.Exception" message="Driver Not Found">
      <![CDATA[java.lang.Exception: Driver Not Found
at com.dollardays.testcases.BaseTest.openBrowser(BaseTest.java:78)
at com.dollardays.testcases.BaseTest.setUpBrowser(BaseTest.java:100)
at java.util.ArrayList.forEach(ArrayList.java:1259)
... Removed 32 stack frames]]>
    </failure>
  </testcase> <!-- @BeforeMethod setUpBrowser -->
  <testcase name="@AfterMethod quit" time="-1.601556361939E9" classname="com.dollardays.testcases.BaseTest">
    <skipped/>
  </testcase> <!-- @AfterMethod quit -->
  <testcase name="@BeforeMethod setUpBrowser" time="-1.601556361943E9" classname="com.dollardays.testcases.BaseTest">
    <skipped/>
  </testcase> <!-- @BeforeMethod setUpBrowser -->
  <testcase name="@AfterMethod quit" time="-1.601556361964E9" classname="com.dollardays.testcases.BaseTest">
    <skipped/>
  </testcase> <!-- @AfterMethod quit -->
  <testcase name="@BeforeMethod setUpBrowser" time="-1.601556361972E9" classname="com.dollardays.testcases.BaseTest">
    <skipped/>
  </testcase> <!-- @BeforeMethod setUpBrowser -->
  <testcase name="@AfterMethod quit" time="-1.601556361985E9" classname="com.dollardays.testcases.BaseTest">
    <skipped/>
  </testcase> <!-- @AfterMethod quit -->
  <testcase name="@BeforeMethod setUpBrowser" time="-1.601556362062E9" classname="com.dollardays.testcases.BaseTest">
    <skipped/>
  </testcase> <!-- @BeforeMethod setUpBrowser -->
  <testcase name="@AfterMethod quit" time="-1.60155636207E9" classname="com.dollardays.testcases.BaseTest">
    <skipped/>
  </testcase> <!-- @AfterMethod quit -->
  <testcase name="@BeforeMethod setUpBrowser" time="-1.601556362071E9" classname="com.dollardays.testcases.BaseTest">
    <skipped/>
  </testcase> <!-- @BeforeMethod setUpBrowser -->
  <testcase name="@AfterMethod quit" time="-1.601556362075E9" classname="com.dollardays.testcases.BaseTest">
    <skipped/>
  </testcase> <!-- @AfterMethod quit -->
  <testcase name="@BeforeMethod setUpBrowser" time="-1.601556362102E9" classname="com.dollardays.testcases.BaseTest">
    <skipped/>
  </testcase> <!-- @BeforeMethod setUpBrowser -->
  <testcase name="@AfterMethod quit" time="-1.601556362116E9" classname="com.dollardays.testcases.BaseTest">
    <skipped/>
  </testcase> <!-- @AfterMethod quit -->
  <testcase name="@BeforeMethod setUpBrowser" time="-1.601556362117E9" classname="com.dollardays.testcases.BaseTest">
    <skipped/>
  </testcase> <!-- @BeforeMethod setUpBrowser -->
  <testcase name="@AfterMethod quit" time="-1.60155636212E9" classname="com.dollardays.testcases.BaseTest">
    <skipped/>
  </testcase> <!-- @AfterMethod quit -->
  <testcase name="tc_01_SignInPage_ValidUsername_Password" time="0.0" classname="com.dollardays.testcases.Team1LoginTestcase">
    <skipped/>
  </testcase> <!-- tc_01_SignInPage_ValidUsername_Password -->
  <testcase name="tc_02_SignInPageValidUsername_EmptyPassword" time="0.0" classname="com.dollardays.testcases.Team1LoginTestcase">
    <skipped/>
  </testcase> <!-- tc_02_SignInPageValidUsername_EmptyPassword -->
  <testcase name="tc_03_SignInPageEmptyUsername_EmptyPassword" time="0.0" classname="com.dollardays.testcases.Team1LoginTestcase">
    <skipped/>
  </testcase> <!-- tc_03_SignInPageEmptyUsername_EmptyPassword -->
  <testcase name="tc_04_SignInPageInValidEmailAddressFormat" time="0.0" classname="com.dollardays.testcases.Team1LoginTestcase">
    <skipped/>
  </testcase> <!-- tc_04_SignInPageInValidEmailAddressFormat -->
  <testcase name="tc_05_SignInPageValidEmailAddress_InvalidPassword" time="0.0" classname="com.dollardays.testcases.Team1LoginTestcase">
    <skipped/>
  </testcase> <!-- tc_05_SignInPageValidEmailAddress_InvalidPassword -->
  <testcase name="tc_SignInPage_Display_SignIn_Name" time="0.0" classname="com.dollardays.testcases.Team1LoginTestcase">
    <skipped/>
  </testcase> <!-- tc_SignInPage_Display_SignIn_Name -->
  <testcase name="createlogin" time="0.0" classname="com.dollardays.testcases.Team1CreateAccountTestCase">
    <skipped/>
  </testcase> <!-- createlogin -->
  <testcase name="tc_06_CheckPageTitle" time="0.0" classname="com.dollardays.testcases.Team1HomePageTestcase">
    <skipped/>
  </testcase> <!-- tc_06_CheckPageTitle -->
  <testcase name="tc_verfiyCartLogo" time="0.0" classname="com.dollardays.testcases.Team1HomePageTestcase">
    <skipped/>
  </testcase> <!-- tc_verfiyCartLogo -->
  <testcase name="tc_verfiyDdLogo" time="0.0" classname="com.dollardays.testcases.Team1HomePageTestcase">
    <skipped/>
  </testcase> <!-- tc_verfiyDdLogo -->
  <testcase name="tc_verfiySignInList" time="0.0" classname="com.dollardays.testcases.Team1HomePageTestcase">
    <skipped/>
  </testcase> <!-- tc_verfiySignInList -->
  <testcase name="tc_verfiySignInLogo" time="0.0" classname="com.dollardays.testcases.Team1HomePageTestcase">
    <skipped/>
  </testcase> <!-- tc_verfiySignInLogo -->
  <testcase name="tc_verfiyWishList" time="0.0" classname="com.dollardays.testcases.Team1HomePageTestcase">
    <skipped/>
  </testcase> <!-- tc_verfiyWishList -->
  <testcase name="tc_verfiyWishListLogo" time="0.0" classname="com.dollardays.testcases.Team1HomePageTestcase">
    <skipped/>
  </testcase> <!-- tc_verfiyWishListLogo -->
</testsuite> <!-- Dollar Days Test -->
