<?xml version="1.0" encoding="UTF-8"?>
<!-- Generated by org.testng.reporters.JUnitReportReporter -->
<testsuite skipped="11" hostname="MININT-UM25UFB" name="com.dollardays.testcases.AddToCartTestcases" tests="12" failures="0" timestamp="2020-09-25T14:21:42 EDT" time="2.234" errors="1">
  <testcase name="TC_16_ValidateAddToCart_BuyNow_3PlyFaceMask" time="0.000" classname="com.dollardays.testcases.AddToCartTestcases">
    <skipped/>
  </testcase> <!-- TC_16_ValidateAddToCart_BuyNow_3PlyFaceMask -->
  <system-out/>
  <testcase name="setUpBrowser" time="2.234" classname="com.dollardays.testcases.AddToCartTestcases">
    <error type="java.lang.Exception" message="Driver Not Found">
      <![CDATA[java.lang.Exception: Driver Not Found
at com.dollardays.testcases.BaseTest.openBrowser(BaseTest.java:78)
at com.dollardays.testcases.BaseTest.setUpBrowser(BaseTest.java:100)
at sun.reflect.NativeMethodAccessorImpl.invoke0(Native Method)
at sun.reflect.NativeMethodAccessorImpl.invoke(NativeMethodAccessorImpl.java:62)
at sun.reflect.DelegatingMethodAccessorImpl.invoke(DelegatingMethodAccessorImpl.java:43)
at java.lang.reflect.Method.invoke(Method.java:498)
at org.testng.internal.MethodInvocationHelper.invokeMethod(MethodInvocationHelper.java:132)
at org.testng.internal.MethodInvocationHelper.invokeMethodConsideringTimeout(MethodInvocationHelper.java:61)
at org.testng.internal.ConfigInvoker.invokeConfigurationMethod(ConfigInvoker.java:366)
at org.testng.internal.ConfigInvoker.invokeConfigurations(ConfigInvoker.java:320)
at org.testng.internal.TestInvoker.runConfigMethods(TestInvoker.java:701)
at org.testng.internal.TestInvoker.invokeMethod(TestInvoker.java:527)
at org.testng.internal.TestInvoker.invokeTestMethod(TestInvoker.java:174)
at org.testng.internal.MethodRunner.runInSequence(MethodRunner.java:46)
at org.testng.internal.TestInvoker$MethodInvocationAgent.invoke(TestInvoker.java:822)
at org.testng.internal.TestInvoker.invokeTestMethods(TestInvoker.java:147)
at org.testng.internal.TestMethodWorker.invokeTestMethods(TestMethodWorker.java:146)
at org.testng.internal.TestMethodWorker.run(TestMethodWorker.java:128)
at java.util.ArrayList.forEach(ArrayList.java:1259)
at org.testng.TestRunner.privateRun(TestRunner.java:764)
at org.testng.TestRunner.run(TestRunner.java:585)
at org.testng.SuiteRunner.runTest(SuiteRunner.java:384)
at org.testng.SuiteRunner.runSequentially(SuiteRunner.java:378)
at org.testng.SuiteRunner.privateRun(SuiteRunner.java:337)
at org.testng.SuiteRunner.run(SuiteRunner.java:286)
at org.testng.SuiteRunnerWorker.runSuite(SuiteRunnerWorker.java:53)
at org.testng.SuiteRunnerWorker.run(SuiteRunnerWorker.java:96)
at org.testng.TestNG.runSuitesSequentially(TestNG.java:1218)
at org.testng.TestNG.runSuitesLocally(TestNG.java:1140)
at org.testng.TestNG.runSuites(TestNG.java:1069)
at org.testng.TestNG.run(TestNG.java:1037)
at org.testng.remote.AbstractRemoteTestNG.run(AbstractRemoteTestNG.java:115)
at org.testng.remote.RemoteTestNG.initAndRun(RemoteTestNG.java:251)
at org.testng.remote.RemoteTestNG.main(RemoteTestNG.java:77)
]]>
    </error>
  </testcase> <!-- setUpBrowser -->
  <system-out/>
  <testcase name="TC_17_ValidateAddToCart_BuyNow_PremiumAlcoholWipes" time="0.000" classname="com.dollardays.testcases.AddToCartTestcases">
    <skipped/>
  </testcase> <!-- TC_17_ValidateAddToCart_BuyNow_PremiumAlcoholWipes -->
  <system-out/>
  <testcase name="TC_21_addtocartvalidate" time="0.000" classname="com.dollardays.testcases.AddToCartTestcases">
    <skipped/>
  </testcase> <!-- TC_21_addtocartvalidate -->
  <system-out/>
  <testcase name="TC_24_addtocartvalidate_shopallbtn_clickonimage" time="0.000" classname="com.dollardays.testcases.AddToCartTestcases">
    <skipped/>
  </testcase> <!-- TC_24_addtocartvalidate_shopallbtn_clickonimage -->
  <system-out/>
  <testcase name="TC_18_ValidateAddToCartFromSearchbarWithnoData" time="0.000" classname="com.dollardays.testcases.AddToCartTestcases">
    <skipped/>
  </testcase> <!-- TC_18_ValidateAddToCartFromSearchbarWithnoData -->
  <system-out/>
  <testcase name="TC_19_ValidateAddToCartFromSearchbarWithValidData" time="0.000" classname="com.dollardays.testcases.AddToCartTestcases">
    <skipped/>
  </testcase> <!-- TC_19_ValidateAddToCartFromSearchbarWithValidData -->
  <system-out/>
  <testcase name="TC_20_Validate_addtocart_by_clicking_on_buy_nowbutton_from_adv_banner_without_login" time="0.000" classname="com.dollardays.testcases.AddToCartTestcases">
    <skipped/>
  </testcase> <!-- TC_20_Validate_addtocart_by_clicking_on_buy_nowbutton_from_adv_banner_without_login -->
  <system-out/>
  <testcase name="TC_15_ValidateAddToCart_BuyNow_smallercasepacks" time="0.000" classname="com.dollardays.testcases.AddToCartTestcases">
    <skipped/>
  </testcase> <!-- TC_15_ValidateAddToCart_BuyNow_smallercasepacks -->
  <system-out/>
  <testcase name="TC_25_addtocartvalidate_clickonimage" time="0.000" classname="com.dollardays.testcases.AddToCartTestcases">
    <skipped/>
  </testcase> <!-- TC_25_addtocartvalidate_clickonimage -->
  <system-out/>
  <testcase name="TC_22_addtocartvalidate" time="0.000" classname="com.dollardays.testcases.AddToCartTestcases">
    <skipped/>
  </testcase> <!-- TC_22_addtocartvalidate -->
  <system-out/>
  <testcase name="TC_23_addtocartvalidate" time="0.000" classname="com.dollardays.testcases.AddToCartTestcases">
    <skipped/>
  </testcase> <!-- TC_23_addtocartvalidate -->
  <system-out/>
</testsuite> <!-- com.dollardays.testcases.AddToCartTestcases -->
